Determining if the pthread_create exist failed with the following output:
Change Dir: /home/snozzi/Desktop/Scuola/Computer Graphics/Project/IntroGraphics/assignment_8/build/CMakeFiles/CMakeTmp

Run Build Command:"/usr/bin/make" "cmTC_d8337/fast"
/usr/bin/make -f CMakeFiles/cmTC_d8337.dir/build.make CMakeFiles/cmTC_d8337.dir/build
make[1]: Entering directory '/home/snozzi/Desktop/Scuola/Computer Graphics/Project/IntroGraphics/assignment_8/build/CMakeFiles/CMakeTmp'
Building C object CMakeFiles/cmTC_d8337.dir/CheckSymbolExists.c.o
/usr/bin/x86_64-linux-gnu-gcc-7    -o CMakeFiles/cmTC_d8337.dir/CheckSymbolExists.c.o   -c "/home/snozzi/Desktop/Scuola/Computer Graphics/Project/IntroGraphics/assignment_8/build/CMakeFiles/CMakeTmp/CheckSymbolExists.c"
Linking C executable cmTC_d8337
/usr/bin/cmake -E cmake_link_script CMakeFiles/cmTC_d8337.dir/link.txt --verbose=1
/usr/bin/x86_64-linux-gnu-gcc-7      -rdynamic CMakeFiles/cmTC_d8337.dir/CheckSymbolExists.c.o  -o cmTC_d8337 
CMakeFiles/cmTC_d8337.dir/CheckSymbolExists.c.o: In function `main':
CheckSymbolExists.c:(.text+0x1b): undefined reference to `pthread_create'
collect2: error: ld returned 1 exit status
CMakeFiles/cmTC_d8337.dir/build.make:97: recipe for target 'cmTC_d8337' failed
make[1]: *** [cmTC_d8337] Error 1
make[1]: Leaving directory '/home/snozzi/Desktop/Scuola/Computer Graphics/Project/IntroGraphics/assignment_8/build/CMakeFiles/CMakeTmp'
Makefile:126: recipe for target 'cmTC_d8337/fast' failed
make: *** [cmTC_d8337/fast] Error 2

File /home/snozzi/Desktop/Scuola/Computer Graphics/Project/IntroGraphics/assignment_8/build/CMakeFiles/CMakeTmp/CheckSymbolExists.c:
/* */
#include <pthread.h>

int main(int argc, char** argv)
{
  (void)argv;
#ifndef pthread_create
  return ((int*)(&pthread_create))[argc];
#else
  (void)argc;
  return 0;
#endif
}

Determining if the function pthread_create exists in the pthreads failed with the following output:
Change Dir: /home/snozzi/Desktop/Scuola/Computer Graphics/Project/IntroGraphics/assignment_8/build/CMakeFiles/CMakeTmp

Run Build Command:"/usr/bin/make" "cmTC_1d389/fast"
/usr/bin/make -f CMakeFiles/cmTC_1d389.dir/build.make CMakeFiles/cmTC_1d389.dir/build
make[1]: Entering directory '/home/snozzi/Desktop/Scuola/Computer Graphics/Project/IntroGraphics/assignment_8/build/CMakeFiles/CMakeTmp'
Building C object CMakeFiles/cmTC_1d389.dir/CheckFunctionExists.c.o
/usr/bin/x86_64-linux-gnu-gcc-7   -DCHECK_FUNCTION_EXISTS=pthread_create   -o CMakeFiles/cmTC_1d389.dir/CheckFunctionExists.c.o   -c /usr/share/cmake-3.10/Modules/CheckFunctionExists.c
Linking C executable cmTC_1d389
/usr/bin/cmake -E cmake_link_script CMakeFiles/cmTC_1d389.dir/link.txt --verbose=1
/usr/bin/x86_64-linux-gnu-gcc-7  -DCHECK_FUNCTION_EXISTS=pthread_create    -rdynamic CMakeFiles/cmTC_1d389.dir/CheckFunctionExists.c.o  -o cmTC_1d389 -lpthreads 
/usr/bin/ld: cannot find -lpthreads
collect2: error: ld returned 1 exit status
CMakeFiles/cmTC_1d389.dir/build.make:97: recipe for target 'cmTC_1d389' failed
make[1]: *** [cmTC_1d389] Error 1
make[1]: Leaving directory '/home/snozzi/Desktop/Scuola/Computer Graphics/Project/IntroGraphics/assignment_8/build/CMakeFiles/CMakeTmp'
Makefile:126: recipe for target 'cmTC_1d389/fast' failed
make: *** [cmTC_1d389/fast] Error 2


